Using pre-set license
Built from '2020.3/staging' branch; Version is '2020.3.5f1 (8095aa901b9b) revision 8426922'; Using compiler version '192528614'; Build Type 'Release'
OS: 'Windows 10 Home; OS build 19041.928; Version 2004; 64bit' Language: 'tr' Physical Memory: 6039 MB
BatchMode: 1, IsHumanControllingUs: 0, StartBugReporterOnCrash: 0, Is64bit: 1, IsPro: 0

 COMMAND LINE ARGUMENTS:
C:\Program Files\Unity\Hub\Editor\2020.3.5f1\Editor\Unity.exe
-adb2
-batchMode
-noUpm
-name
AssetImportWorker0
-projectPath
C:/Users/Hazar/Documents/UnityProjects/gitHub/EscapeFromPrison-Github/EscapeFromPrison
-logFile
Logs/AssetImportWorker0.log
-srvPort
65340
Successfully changed project path to: C:/Users/Hazar/Documents/UnityProjects/gitHub/EscapeFromPrison-Github/EscapeFromPrison
C:/Users/Hazar/Documents/UnityProjects/gitHub/EscapeFromPrison-Github/EscapeFromPrison
Using Asset Import Pipeline V2.
Refreshing native plugins compatible for Editor in 55.98 ms, found 0 plugins.
Preloading 0 native plugins for Editor in 0.00 ms.
Initialize engine version: 2020.3.5f1 (8095aa901b9b)
[Subsystems] Discovering subsystems at path C:/Program Files/Unity/Hub/Editor/2020.3.5f1/Editor/Data/Resources/UnitySubsystems
[Subsystems] Discovering subsystems at path C:/Users/Hazar/Documents/UnityProjects/gitHub/EscapeFromPrison-Github/EscapeFromPrison/Assets
GfxDevice: creating device client; threaded=0
Direct3D:
    Version:  Direct3D 11.0 [level 11.0]
    Renderer: NVIDIA GeForce GT 630M (ID=0xde9)
    Vendor:   
    VRAM:     1999 MB
    Driver:   21.21.13.7654
Initialize mono
Mono path[0] = 'C:/Program Files/Unity/Hub/Editor/2020.3.5f1/Editor/Data/Managed'
Mono path[1] = 'C:/Program Files/Unity/Hub/Editor/2020.3.5f1/Editor/Data/MonoBleedingEdge/lib/mono/unityjit'
Mono config path = 'C:/Program Files/Unity/Hub/Editor/2020.3.5f1/Editor/Data/MonoBleedingEdge/etc'
Using monoOptions --debugger-agent=transport=dt_socket,embedding=1,server=y,suspend=n,address=127.0.0.1:56200
Begin MonoManager ReloadAssembly
Registering precompiled unity dll's ...
Register platform support module: C:/Program Files/Unity/Hub/Editor/2020.3.5f1/Editor/Data/PlaybackEngines/WindowsStandaloneSupport/UnityEditor.WindowsStandalone.Extensions.dll
Registered in 0.011106 seconds.
Native extension for WindowsStandalone target not found
Refreshing native plugins compatible for Editor in 103.86 ms, found 0 plugins.
Preloading 0 native plugins for Editor in 0.00 ms.
Mono: successfully reloaded assembly
- Completed reload, in  7.188 seconds
Platform modules already initialized, skipping
Registering precompiled user dll's ...
Registered in 0.003396 seconds.
Begin MonoManager ReloadAssembly
Native extension for WindowsStandalone target not found
Refreshing native plugins compatible for Editor in 0.38 ms, found 0 plugins.
Preloading 0 native plugins for Editor in 0.00 ms.
Mono: successfully reloaded assembly
- Completed reload, in  2.619 seconds
Platform modules already initialized, skipping
========================================================================
Worker process is ready to serve import requests
Launched and connected shader compiler UnityShaderCompiler.exe after 0.18 seconds
Refreshing native plugins compatible for Editor in 0.51 ms, found 0 plugins.
Preloading 0 native plugins for Editor in 0.00 ms.
Unloading 1115 Unused Serialized files (Serialized files now loaded: 0)
System memory in use before: 57.4 MB.
System memory in use after: 57.4 MB.

Unloading 10 unused Assets to reduce memory usage. Loaded Objects now: 1557.
Total: 16.127600 ms (FindLiveObjects: 0.558400 ms CreateObjectMapping: 0.336100 ms MarkObjects: 14.550800 ms  DeleteObjects: 0.678000 ms)

========================================================================
Received Import Request.
  path: Assets/Script
  artifactKey: Guid(356db2c98dee0ab4b9a29164a9887570) Importer(815301076,1909f56bfc062723c751e8b465ee728b)
Start importing Assets/Script using Guid(356db2c98dee0ab4b9a29164a9887570) Importer(815301076,1909f56bfc062723c751e8b465ee728b)  -> (artifact id: '441a65cf08cfb85c6e05160a93633410') in 0.026125 seconds
  Import took 0.032937 seconds .

========================================================================
Received Prepare
Registering precompiled user dll's ...
Registered in 0.002360 seconds.
Begin MonoManager ReloadAssembly
Native extension for WindowsStandalone target not found
Refreshing native plugins compatible for Editor in 0.39 ms, found 0 plugins.
Preloading 0 native plugins for Editor in 0.00 ms.
Mono: successfully reloaded assembly
- Completed reload, in  2.221 seconds
Platform modules already initialized, skipping
Refreshing native plugins compatible for Editor in 0.31 ms, found 0 plugins.
Preloading 0 native plugins for Editor in 0.00 ms.
Unloading 1112 Unused Serialized files (Serialized files now loaded: 0)
System memory in use before: 57.4 MB.
System memory in use after: 57.5 MB.

Unloading 5 unused Assets to reduce memory usage. Loaded Objects now: 1562.
Total: 4.492600 ms (FindLiveObjects: 0.370900 ms CreateObjectMapping: 0.168300 ms MarkObjects: 3.811900 ms  DeleteObjects: 0.137300 ms)

========================================================================
Received Import Request.
  Time since last request: 450.603105 seconds.
  path: Assets/Thirdparty
  artifactKey: Guid(5ba5232cc9071a14bb67fff3d67058db) Importer(815301076,1909f56bfc062723c751e8b465ee728b)
Start importing Assets/Thirdparty using Guid(5ba5232cc9071a14bb67fff3d67058db) Importer(815301076,1909f56bfc062723c751e8b465ee728b)  -> (artifact id: '1969f68b3db2e22273be41af4ebed641') in 0.014271 seconds
  Import took 0.017168 seconds .

========================================================================
Received Import Request.
  Time since last request: 1.322660 seconds.
  path: Assets/Thirdparty/Gridbox Prototype Materials
  artifactKey: Guid(87cee408e7041c742a88135703acbf53) Importer(815301076,1909f56bfc062723c751e8b465ee728b)
Start importing Assets/Thirdparty/Gridbox Prototype Materials using Guid(87cee408e7041c742a88135703acbf53) Importer(815301076,1909f56bfc062723c751e8b465ee728b)  -> (artifact id: '09dd2d5c31a9096243ae9537af496874') in 0.011229 seconds
  Import took 0.013924 seconds .

========================================================================
Received Import Request.
  Time since last request: 4.153200 seconds.
  path: Assets/Thirdparty/Gridbox Prototype Materials/Resources
  artifactKey: Guid(8d1c710911d4cd54c940b4db8ea99a02) Importer(815301076,1909f56bfc062723c751e8b465ee728b)
Start importing Assets/Thirdparty/Gridbox Prototype Materials/Resources using Guid(8d1c710911d4cd54c940b4db8ea99a02) Importer(815301076,1909f56bfc062723c751e8b465ee728b)  -> (artifact id: '8e07dc33c20f869063465178d7d764e8') in 0.009353 seconds
  Import took 0.012757 seconds .

========================================================================
Received Import Request.
  Time since last request: 0.802279 seconds.
  path: Assets/Thirdparty/Gridbox Prototype Materials/Resources/Materials
  artifactKey: Guid(cab0486873751c3439bc88f33c84dea7) Importer(815301076,1909f56bfc062723c751e8b465ee728b)
Start importing Assets/Thirdparty/Gridbox Prototype Materials/Resources/Materials using Guid(cab0486873751c3439bc88f33c84dea7) Importer(815301076,1909f56bfc062723c751e8b465ee728b)  -> (artifact id: 'cce4187695c1f0c1da7c529d6524b3a4') in 0.010063 seconds
  Import took 0.013409 seconds .

========================================================================
Received Import Request.
  Time since last request: 1.471442 seconds.
  path: Assets/Thirdparty/Gridbox Prototype Materials/Resources/Materials/Prototype Grid
  artifactKey: Guid(cecfe17a50e489e4f8101820a64e4e59) Importer(815301076,1909f56bfc062723c751e8b465ee728b)
Start importing Assets/Thirdparty/Gridbox Prototype Materials/Resources/Materials/Prototype Grid using Guid(cecfe17a50e489e4f8101820a64e4e59) Importer(815301076,1909f56bfc062723c751e8b465ee728b)  -> (artifact id: 'efce228c037277fc06696d2503f23b46') in 0.011094 seconds
  Import took 0.014097 seconds .

========================================================================
Received Import Request.
  Time since last request: 0.400216 seconds.
  path: Assets/Thirdparty/Gridbox Prototype Materials/Resources/Materials/Prototype Grid/Prototype_512x512_Blue1.mat
  artifactKey: Guid(663834164c6a04740aaa1b778249ce7e) Importer(815301076,1909f56bfc062723c751e8b465ee728b)
Start importing Assets/Thirdparty/Gridbox Prototype Materials/Resources/Materials/Prototype Grid/Prototype_512x512_Blue1.mat using Guid(663834164c6a04740aaa1b778249ce7e) Importer(815301076,1909f56bfc062723c751e8b465ee728b)  -> (artifact id: '662c2658efd8e48333ffd736444d65cf') in 0.608646 seconds
  Import took 0.611471 seconds .

========================================================================
Received Import Request.
  Time since last request: 0.000273 seconds.
  path: Assets/Thirdparty/Gridbox Prototype Materials/Resources/Materials/Prototype Grid/Prototype_512x512_Red.mat
  artifactKey: Guid(5a26de236ce89e94b963be8fa2b7ade6) Importer(815301076,1909f56bfc062723c751e8b465ee728b)
Start importing Assets/Thirdparty/Gridbox Prototype Materials/Resources/Materials/Prototype Grid/Prototype_512x512_Red.mat using Guid(5a26de236ce89e94b963be8fa2b7ade6) Importer(815301076,1909f56bfc062723c751e8b465ee728b)  -> (artifact id: 'db30e3c9e57f3f5cdb2b7e163299a1e5') in 0.024623 seconds
  Import took 0.028084 seconds .

========================================================================
Received Import Request.
  Time since last request: 0.000271 seconds.
  path: Assets/Thirdparty/Gridbox Prototype Materials/Resources/Materials/Prototype Grid/Prototype_512x512_White.mat
  artifactKey: Guid(aeee7071bea0a4c478b4fea5933c5f79) Importer(815301076,1909f56bfc062723c751e8b465ee728b)
Start importing Assets/Thirdparty/Gridbox Prototype Materials/Resources/Materials/Prototype Grid/Prototype_512x512_White.mat using Guid(aeee7071bea0a4c478b4fea5933c5f79) Importer(815301076,1909f56bfc062723c751e8b465ee728b)  -> (artifact id: '24cb269296e06de6b36f6ea7090d4f44') in 0.023435 seconds
  Import took 0.026152 seconds .

========================================================================
Received Import Request.
  Time since last request: 0.000332 seconds.
  path: Assets/Thirdparty/Gridbox Prototype Materials/Resources/Materials/Prototype Grid/Prototype_512x512_Grey3.mat
  artifactKey: Guid(17c44fb3e5be9644586a0728a5f5a386) Importer(815301076,1909f56bfc062723c751e8b465ee728b)
Start importing Assets/Thirdparty/Gridbox Prototype Materials/Resources/Materials/Prototype Grid/Prototype_512x512_Grey3.mat using Guid(17c44fb3e5be9644586a0728a5f5a386) Importer(815301076,1909f56bfc062723c751e8b465ee728b)  -> (artifact id: 'db19d5dd1adc49d5cf0071ec956005c9') in 0.025475 seconds
  Import took 0.028710 seconds .

========================================================================
Received Import Request.
  Time since last request: 0.000272 seconds.
  path: Assets/Thirdparty/Gridbox Prototype Materials/Resources/Materials/Prototype Grid/Prototype_512x512_Grey4.mat
  artifactKey: Guid(8d530ffe6c4968843806085897955b9d) Importer(815301076,1909f56bfc062723c751e8b465ee728b)
Start importing Assets/Thirdparty/Gridbox Prototype Materials/Resources/Materials/Prototype Grid/Prototype_512x512_Grey4.mat using Guid(8d530ffe6c4968843806085897955b9d) Importer(815301076,1909f56bfc062723c751e8b465ee728b)  -> (artifact id: 'c6dea10e8713566afbcbfe20cfc5cca7') in 0.019880 seconds
  Import took 0.022530 seconds .

========================================================================
Received Import Request.
  Time since last request: 0.000277 seconds.
  path: Assets/Thirdparty/Gridbox Prototype Materials/Resources/Materials/Prototype Grid/Prototype_512x512_Green1.mat
  artifactKey: Guid(79f64ed6f5d6d374d91c3a0af4070258) Importer(815301076,1909f56bfc062723c751e8b465ee728b)
Start importing Assets/Thirdparty/Gridbox Prototype Materials/Resources/Materials/Prototype Grid/Prototype_512x512_Green1.mat using Guid(79f64ed6f5d6d374d91c3a0af4070258) Importer(815301076,1909f56bfc062723c751e8b465ee728b)  -> (artifact id: '03a94618d6e5ca90b71697ff0fde973e') in 0.019236 seconds
  Import took 0.022483 seconds .

========================================================================
Received Import Request.
  Time since last request: 0.000276 seconds.
  path: Assets/Thirdparty/Gridbox Prototype Materials/Resources/Materials/Prototype Grid/Prototype_512x512_Blue3.mat
  artifactKey: Guid(b0b4de3bd6e976e4f8b3adc6e72377ed) Importer(815301076,1909f56bfc062723c751e8b465ee728b)
Start importing Assets/Thirdparty/Gridbox Prototype Materials/Resources/Materials/Prototype Grid/Prototype_512x512_Blue3.mat using Guid(b0b4de3bd6e976e4f8b3adc6e72377ed) Importer(815301076,1909f56bfc062723c751e8b465ee728b)  -> (artifact id: 'a963b72911abada1677445a1558a0ec9') in 0.020651 seconds
  Import took 0.023170 seconds .

========================================================================
Received Import Request.
  Time since last request: 0.000285 seconds.
  path: Assets/Thirdparty/Gridbox Prototype Materials/Resources/Materials/Prototype Grid/Prototype_512x512_Orange.mat
  artifactKey: Guid(652107f36a28e44479c0b827dee5852a) Importer(815301076,1909f56bfc062723c751e8b465ee728b)
Start importing Assets/Thirdparty/Gridbox Prototype Materials/Resources/Materials/Prototype Grid/Prototype_512x512_Orange.mat using Guid(652107f36a28e44479c0b827dee5852a) Importer(815301076,1909f56bfc062723c751e8b465ee728b)  -> (artifact id: 'c572b5f3729ce8888d99a78fbcef29e8') in 0.018504 seconds
  Import took 0.021883 seconds .

========================================================================
Received Import Request.
  Time since last request: 0.000259 seconds.
  path: Assets/Thirdparty/Gridbox Prototype Materials/Resources/Materials/Prototype Grid/Prototype_512x512_Cyan.mat
  artifactKey: Guid(cba66c276aed0874091de1c33eb3950d) Importer(815301076,1909f56bfc062723c751e8b465ee728b)
Start importing Assets/Thirdparty/Gridbox Prototype Materials/Resources/Materials/Prototype Grid/Prototype_512x512_Cyan.mat using Guid(cba66c276aed0874091de1c33eb3950d) Importer(815301076,1909f56bfc062723c751e8b465ee728b)  -> (artifact id: '3549a9dedddf2853e7713cc514ce0af4') in 0.020106 seconds
  Import took 0.022783 seconds .

========================================================================
Received Import Request.
  Time since last request: 0.000278 seconds.
  path: Assets/Thirdparty/Gridbox Prototype Materials/Resources/Materials/Prototype Grid/Prototype_512x512_Green2.mat
  artifactKey: Guid(dbe80190c9adea34c8c8845ca4a17934) Importer(815301076,1909f56bfc062723c751e8b465ee728b)
Start importing Assets/Thirdparty/Gridbox Prototype Materials/Resources/Materials/Prototype Grid/Prototype_512x512_Green2.mat using Guid(dbe80190c9adea34c8c8845ca4a17934) Importer(815301076,1909f56bfc062723c751e8b465ee728b)  -> (artifact id: '6ec522386bd1c0fb6525a7f2f3a2893e') in 0.017152 seconds
  Import took 0.020385 seconds .

========================================================================
Received Import Request.
  Time since last request: 0.000240 seconds.
  path: Assets/Thirdparty/Gridbox Prototype Materials/Resources/Materials/Prototype Grid/Prototype_512x512_Grey1.mat
  artifactKey: Guid(c181c23a6120fbe4aadd5bb53a58dd78) Importer(815301076,1909f56bfc062723c751e8b465ee728b)
Start importing Assets/Thirdparty/Gridbox Prototype Materials/Resources/Materials/Prototype Grid/Prototype_512x512_Grey1.mat using Guid(c181c23a6120fbe4aadd5bb53a58dd78) Importer(815301076,1909f56bfc062723c751e8b465ee728b)  -> (artifact id: '6fb1ba32d16d0a4fcb6017be3b5cf7fe') in 0.017516 seconds
  Import took 0.020122 seconds .

========================================================================
Received Import Request.
  Time since last request: 0.000273 seconds.
  path: Assets/Thirdparty/Gridbox Prototype Materials/Resources/Materials/Prototype Grid/Prototype_512x512_Purple.mat
  artifactKey: Guid(36bce9ab6cae8ce43962938466458044) Importer(815301076,1909f56bfc062723c751e8b465ee728b)
Start importing Assets/Thirdparty/Gridbox Prototype Materials/Resources/Materials/Prototype Grid/Prototype_512x512_Purple.mat using Guid(36bce9ab6cae8ce43962938466458044) Importer(815301076,1909f56bfc062723c751e8b465ee728b)  -> (artifact id: '5d81383d407f43b8d84de4bee535caba') in 0.024275 seconds
  Import took 0.027890 seconds .

========================================================================
Received Import Request.
  Time since last request: 0.000282 seconds.
  path: Assets/Thirdparty/Gridbox Prototype Materials/Resources/Materials/Prototype Grid/Prototype_512x512_Yellow.mat
  artifactKey: Guid(c852af001dae0064e9acaa832f1dadb7) Importer(815301076,1909f56bfc062723c751e8b465ee728b)
Start importing Assets/Thirdparty/Gridbox Prototype Materials/Resources/Materials/Prototype Grid/Prototype_512x512_Yellow.mat using Guid(c852af001dae0064e9acaa832f1dadb7) Importer(815301076,1909f56bfc062723c751e8b465ee728b)  -> (artifact id: '8c78f42253a5ba93f094667f0319087c') in 0.026457 seconds
  Import took 0.030175 seconds .

========================================================================
Received Import Request.
  Time since last request: 0.000290 seconds.
  path: Assets/Thirdparty/Gridbox Prototype Materials/Resources/Materials/Prototype Grid/Prototype_512x512_Grey2.mat
  artifactKey: Guid(07dc66ae04b7f6a43b9674bf0fefb33a) Importer(815301076,1909f56bfc062723c751e8b465ee728b)
Start importing Assets/Thirdparty/Gridbox Prototype Materials/Resources/Materials/Prototype Grid/Prototype_512x512_Grey2.mat using Guid(07dc66ae04b7f6a43b9674bf0fefb33a) Importer(815301076,1909f56bfc062723c751e8b465ee728b)  -> (artifact id: 'b0a80c6766f1b9151ec162bfde2d0000') in 0.025783 seconds
  Import took 0.030397 seconds .

========================================================================
Received Import Request.
  Time since last request: 0.000308 seconds.
  path: Assets/Thirdparty/Gridbox Prototype Materials/Resources/Materials/Prototype Grid/Prototype_512x512_Brown.mat
  artifactKey: Guid(a54b7ad866d3a9b47bbf3b53baa0acc4) Importer(815301076,1909f56bfc062723c751e8b465ee728b)
Start importing Assets/Thirdparty/Gridbox Prototype Materials/Resources/Materials/Prototype Grid/Prototype_512x512_Brown.mat using Guid(a54b7ad866d3a9b47bbf3b53baa0acc4) Importer(815301076,1909f56bfc062723c751e8b465ee728b)  -> (artifact id: '3a4fdc34397e8f25bdc3477d687d5995') in 0.027088 seconds
  Import took 0.030598 seconds .

========================================================================
Received Import Request.
  Time since last request: 0.000347 seconds.
  path: Assets/Thirdparty/Gridbox Prototype Materials/Resources/Materials/Prototype Grid/Prototype_512x512_Blue2.mat
  artifactKey: Guid(5e148de6cdf2d164aa3e3f90ce8c852c) Importer(815301076,1909f56bfc062723c751e8b465ee728b)
Start importing Assets/Thirdparty/Gridbox Prototype Materials/Resources/Materials/Prototype Grid/Prototype_512x512_Blue2.mat using Guid(5e148de6cdf2d164aa3e3f90ce8c852c) Importer(815301076,1909f56bfc062723c751e8b465ee728b)  -> (artifact id: 'b2dd3e19606f27291678cc0f5083e933') in 0.029616 seconds
  Import took 0.034353 seconds .

========================================================================
Received Import Request.
  Time since last request: 19.259277 seconds.
  path: Assets/Thirdparty/Gridbox Prototype Materials/Resources/Materials/Prototype Grid/Prototype_512x512_Blue2.mat
  artifactKey: Guid(5e148de6cdf2d164aa3e3f90ce8c852c) Importer(815301076,1909f56bfc062723c751e8b465ee728b)
Start importing Assets/Thirdparty/Gridbox Prototype Materials/Resources/Materials/Prototype Grid/Prototype_512x512_Blue2.mat using Guid(5e148de6cdf2d164aa3e3f90ce8c852c) Importer(815301076,1909f56bfc062723c751e8b465ee728b)  -> (artifact id: 'bfc84e708dfb5a8345e7dc95e1980b7d') in 0.017881 seconds
  Import took 0.020959 seconds .

========================================================================
Received Import Request.
  Time since last request: 81.490461 seconds.
  path: Assets/Script/PlayerMovement.cs
  artifactKey: Guid(bbb8442ab46bb134b9e6eda1887defb2) Importer(815301076,1909f56bfc062723c751e8b465ee728b)
Start importing Assets/Script/PlayerMovement.cs using Guid(bbb8442ab46bb134b9e6eda1887defb2) Importer(815301076,1909f56bfc062723c751e8b465ee728b)  -> (artifact id: '56195c8ec01930d15702068bd7703468') in 0.019878 seconds
  Import took 0.023243 seconds .

========================================================================
Received Import Request.
  Time since last request: 0.005093 seconds.
  path: Assets/Script/PlayerMovement.cs
  artifactKey: Guid(bbb8442ab46bb134b9e6eda1887defb2) Importer(815301076,1909f56bfc062723c751e8b465ee728b)
Start importing Assets/Script/PlayerMovement.cs using Guid(bbb8442ab46bb134b9e6eda1887defb2) Importer(815301076,1909f56bfc062723c751e8b465ee728b)  -> (artifact id: '56195c8ec01930d15702068bd7703468') in 0.003443 seconds
  Import took 0.007161 seconds .

========================================================================
Received Prepare
Registering precompiled user dll's ...
Registered in 0.001250 seconds.
Begin MonoManager ReloadAssembly
Native extension for WindowsStandalone target not found
Refreshing native plugins compatible for Editor in 0.29 ms, found 0 plugins.
Preloading 0 native plugins for Editor in 0.00 ms.
Mono: successfully reloaded assembly
- Completed reload, in  1.557 seconds
Platform modules already initialized, skipping
Refreshing native plugins compatible for Editor in 0.28 ms, found 0 plugins.
Preloading 0 native plugins for Editor in 0.00 ms.
Unloading 1112 Unused Serialized files (Serialized files now loaded: 0)
System memory in use before: 61.1 MB.
System memory in use after: 61.2 MB.

Unloading 5 unused Assets to reduce memory usage. Loaded Objects now: 1606.
Total: 4.361900 ms (FindLiveObjects: 0.491600 ms CreateObjectMapping: 0.097100 ms MarkObjects: 3.703300 ms  DeleteObjects: 0.068000 ms)

========================================================================
Received Import Request.
  Time since last request: 103.088370 seconds.
  path: Assets/Script/PlayerMovement.cs
  artifactKey: Guid(bbb8442ab46bb134b9e6eda1887defb2) Importer(815301076,1909f56bfc062723c751e8b465ee728b)
Start importing Assets/Script/PlayerMovement.cs using Guid(bbb8442ab46bb134b9e6eda1887defb2) Importer(815301076,1909f56bfc062723c751e8b465ee728b)  -> (artifact id: 'e8a71129d0b9a1e3b3a73c486182b8b6') in 0.006246 seconds
  Import took 0.009161 seconds .

========================================================================
Received Import Request.
  Time since last request: 42.504855 seconds.
  path: ProjectSettings/TagManager.asset
  artifactKey: Guid(00000000000000003000000000000000) Importer(815301076,1909f56bfc062723c751e8b465ee728b)
Start importing ProjectSettings/TagManager.asset using Guid(00000000000000003000000000000000) Importer(815301076,1909f56bfc062723c751e8b465ee728b)  -> (artifact id: '0cf9088148c8a3cbd29f9a356fcbb966') in 0.054530 seconds
  Import took 0.058138 seconds .

========================================================================
Received Prepare
Registering precompiled user dll's ...
Registered in 0.001049 seconds.
Begin MonoManager ReloadAssembly
Native extension for WindowsStandalone target not found
Refreshing native plugins compatible for Editor in 0.26 ms, found 0 plugins.
Preloading 0 native plugins for Editor in 0.00 ms.
Mono: successfully reloaded assembly
- Completed reload, in  1.205 seconds
Platform modules already initialized, skipping
Refreshing native plugins compatible for Editor in 0.31 ms, found 0 plugins.
Preloading 0 native plugins for Editor in 0.00 ms.
Unloading 1112 Unused Serialized files (Serialized files now loaded: 0)
System memory in use before: 61.1 MB.
System memory in use after: 61.2 MB.

Unloading 6 unused Assets to reduce memory usage. Loaded Objects now: 1609.
Total: 2.477500 ms (FindLiveObjects: 0.348300 ms CreateObjectMapping: 0.227700 ms MarkObjects: 1.832600 ms  DeleteObjects: 0.067200 ms)

========================================================================
Received Prepare
Registering precompiled user dll's ...
Registered in 0.000911 seconds.
Begin MonoManager ReloadAssembly
Native extension for WindowsStandalone target not found
Refreshing native plugins compatible for Editor in 0.27 ms, found 0 plugins.
Preloading 0 native plugins for Editor in 0.00 ms.
Mono: successfully reloaded assembly
- Completed reload, in  1.285 seconds
Platform modules already initialized, skipping
Refreshing native plugins compatible for Editor in 0.26 ms, found 0 plugins.
Preloading 0 native plugins for Editor in 0.00 ms.
Unloading 1112 Unused Serialized files (Serialized files now loaded: 0)
System memory in use before: 61.1 MB.
System memory in use after: 61.2 MB.

Unloading 5 unused Assets to reduce memory usage. Loaded Objects now: 1612.
Total: 3.202100 ms (FindLiveObjects: 0.232900 ms CreateObjectMapping: 0.128800 ms MarkObjects: 2.754300 ms  DeleteObjects: 0.084200 ms)

========================================================================
Received Import Request.
  Time since last request: 243.518460 seconds.
  path: Assets
  artifactKey: Guid(00000000000000001000000000000000) Importer(815301076,1909f56bfc062723c751e8b465ee728b)
Start importing Assets using Guid(00000000000000001000000000000000) Importer(815301076,1909f56bfc062723c751e8b465ee728b)  -> (artifact id: 'e4856052512617ee48189cf1d7999900') in 0.025122 seconds
  Import took 0.032819 seconds .

========================================================================
Received Prepare
Registering precompiled user dll's ...
Registered in 0.001619 seconds.
Begin MonoManager ReloadAssembly
Native extension for WindowsStandalone target not found
Refreshing native plugins compatible for Editor in 0.53 ms, found 0 plugins.
Preloading 0 native plugins for Editor in 0.00 ms.
Mono: successfully reloaded assembly
- Completed reload, in  1.566 seconds
Platform modules already initialized, skipping
Refreshing native plugins compatible for Editor in 0.27 ms, found 0 plugins.
Preloading 0 native plugins for Editor in 0.00 ms.
Unloading 1112 Unused Serialized files (Serialized files now loaded: 0)
System memory in use before: 61.2 MB.
System memory in use after: 61.2 MB.

Unloading 5 unused Assets to reduce memory usage. Loaded Objects now: 1615.
Total: 3.031800 ms (FindLiveObjects: 0.283400 ms CreateObjectMapping: 0.145800 ms MarkObjects: 2.518400 ms  DeleteObjects: 0.082100 ms)

========================================================================
Received Import Request.
  Time since last request: 6.621640 seconds.
  path: Assets/Materials
  artifactKey: Guid(4ce767789dbd42d4083ebe2fb2f3d66a) Importer(815301076,1909f56bfc062723c751e8b465ee728b)
Start importing Assets/Materials using Guid(4ce767789dbd42d4083ebe2fb2f3d66a) Importer(815301076,1909f56bfc062723c751e8b465ee728b)  -> (artifact id: 'd9c074b2e45efd616eb1a83ae94f636d') in 0.014908 seconds
  Import took 0.022239 seconds .

========================================================================
Received Import Request.
  Time since last request: 3.715782 seconds.
  path: Assets/Materials/Physics
  artifactKey: Guid(33e53b53c2629844aa4cba28998e7204) Importer(815301076,1909f56bfc062723c751e8b465ee728b)
Start importing Assets/Materials/Physics using Guid(33e53b53c2629844aa4cba28998e7204) Importer(815301076,1909f56bfc062723c751e8b465ee728b)  -> (artifact id: 'eb4f6bed05b459eeb2680d29881a9e9e') in 0.015334 seconds
  Import took 0.018389 seconds .

========================================================================
Received Import Request.
  Time since last request: 12.737858 seconds.
  path: Assets/Materials/Physics/Slippery.physicMaterial
  artifactKey: Guid(39870f4a785b63f4f9a45bfcdd4ef0a6) Importer(815301076,1909f56bfc062723c751e8b465ee728b)
Start importing Assets/Materials/Physics/Slippery.physicMaterial using Guid(39870f4a785b63f4f9a45bfcdd4ef0a6) Importer(815301076,1909f56bfc062723c751e8b465ee728b)  -> (artifact id: 'fe7581657e688428d2c72119d7ebe5a4') in 0.023609 seconds
  Import took 0.027061 seconds .

========================================================================
Received Import Request.
  Time since last request: 5.630425 seconds.
  path: Assets/Materials/Physics/Slippery.physicMaterial
  artifactKey: Guid(39870f4a785b63f4f9a45bfcdd4ef0a6) Importer(815301076,1909f56bfc062723c751e8b465ee728b)
Start importing Assets/Materials/Physics/Slippery.physicMaterial using Guid(39870f4a785b63f4f9a45bfcdd4ef0a6) Importer(815301076,1909f56bfc062723c751e8b465ee728b)  -> (artifact id: 'a891fe79ef3375e7837519dab3667f2b') in 0.005518 seconds
  Import took 0.009293 seconds .

========================================================================
Received Import Request.
  Time since last request: 0.007637 seconds.
  path: Assets/Materials/Physics/Slippery.physicMaterial
  artifactKey: Guid(39870f4a785b63f4f9a45bfcdd4ef0a6) Importer(815301076,1909f56bfc062723c751e8b465ee728b)
Start importing Assets/Materials/Physics/Slippery.physicMaterial using Guid(39870f4a785b63f4f9a45bfcdd4ef0a6) Importer(815301076,1909f56bfc062723c751e8b465ee728b)  -> (artifact id: 'a891fe79ef3375e7837519dab3667f2b') in 0.004310 seconds
  Import took 0.007531 seconds .

========================================================================
Received Prepare
Registering precompiled user dll's ...
Registered in 0.000951 seconds.
Begin MonoManager ReloadAssembly
Native extension for WindowsStandalone target not found
Refreshing native plugins compatible for Editor in 0.28 ms, found 0 plugins.
Preloading 0 native plugins for Editor in 0.00 ms.
Mono: successfully reloaded assembly
- Completed reload, in  1.419 seconds
Platform modules already initialized, skipping
Refreshing native plugins compatible for Editor in 0.52 ms, found 0 plugins.
Preloading 0 native plugins for Editor in 0.00 ms.
Unloading 1112 Unused Serialized files (Serialized files now loaded: 0)
System memory in use before: 61.2 MB.
System memory in use after: 61.2 MB.

Unloading 5 unused Assets to reduce memory usage. Loaded Objects now: 1618.
Total: 2.302100 ms (FindLiveObjects: 0.214800 ms CreateObjectMapping: 0.103900 ms MarkObjects: 1.918400 ms  DeleteObjects: 0.063600 ms)

========================================================================
Received Prepare
Registering precompiled user dll's ...
Registered in 0.000907 seconds.
Begin MonoManager ReloadAssembly
Native extension for WindowsStandalone target not found
Refreshing native plugins compatible for Editor in 0.28 ms, found 0 plugins.
Preloading 0 native plugins for Editor in 0.00 ms.
Mono: successfully reloaded assembly
- Completed reload, in  1.275 seconds
Platform modules already initialized, skipping
Refreshing native plugins compatible for Editor in 0.27 ms, found 0 plugins.
Preloading 0 native plugins for Editor in 0.00 ms.
Unloading 1112 Unused Serialized files (Serialized files now loaded: 0)
System memory in use before: 61.2 MB.
System memory in use after: 61.3 MB.

Unloading 5 unused Assets to reduce memory usage. Loaded Objects now: 1621.
Total: 3.014900 ms (FindLiveObjects: 0.500900 ms CreateObjectMapping: 0.156800 ms MarkObjects: 2.279300 ms  DeleteObjects: 0.075000 ms)

========================================================================
Received Import Request.
  Time since last request: 315.995505 seconds.
  path: Assets/Scenes/MainLighting.lighting
  artifactKey: Guid(243e41b281b48c641bb997c6dee1d296) Importer(815301076,1909f56bfc062723c751e8b465ee728b)
Start importing Assets/Scenes/MainLighting.lighting using Guid(243e41b281b48c641bb997c6dee1d296) Importer(815301076,1909f56bfc062723c751e8b465ee728b)  -> (artifact id: '8586e2c22002bcd4e41474fcbf50fc7d') in 0.033086 seconds
  Import took 0.036567 seconds .

========================================================================
Received Import Request.
  Time since last request: 0.065833 seconds.
  path: Assets/Scenes/MainLighting.lighting
  artifactKey: Guid(243e41b281b48c641bb997c6dee1d296) Importer(815301076,1909f56bfc062723c751e8b465ee728b)
Start importing Assets/Scenes/MainLighting.lighting using Guid(243e41b281b48c641bb997c6dee1d296) Importer(815301076,1909f56bfc062723c751e8b465ee728b)  -> (artifact id: '8586e2c22002bcd4e41474fcbf50fc7d') in 0.005358 seconds
  Import took 0.008642 seconds .

========================================================================
Received Prepare
Registering precompiled user dll's ...
Registered in 0.001083 seconds.
Begin MonoManager ReloadAssembly
Native extension for WindowsStandalone target not found
Refreshing native plugins compatible for Editor in 0.30 ms, found 0 plugins.
Preloading 0 native plugins for Editor in 0.00 ms.
Mono: successfully reloaded assembly
- Completed reload, in  1.337 seconds
Platform modules already initialized, skipping
Refreshing native plugins compatible for Editor in 0.27 ms, found 0 plugins.
Preloading 0 native plugins for Editor in 0.00 ms.
Unloading 1112 Unused Serialized files (Serialized files now loaded: 0)
System memory in use before: 61.2 MB.
System memory in use after: 61.3 MB.

Unloading 5 unused Assets to reduce memory usage. Loaded Objects now: 1624.
Total: 2.228300 ms (FindLiveObjects: 0.193400 ms CreateObjectMapping: 0.094000 ms MarkObjects: 1.871400 ms  DeleteObjects: 0.067800 ms)

========================================================================
Received Prepare
Registering precompiled user dll's ...
Registered in 0.002327 seconds.
Begin MonoManager ReloadAssembly
Native extension for WindowsStandalone target not found
Refreshing native plugins compatible for Editor in 0.27 ms, found 0 plugins.
Preloading 0 native plugins for Editor in 0.00 ms.
Mono: successfully reloaded assembly
- Completed reload, in  1.414 seconds
Platform modules already initialized, skipping
Refreshing native plugins compatible for Editor in 0.27 ms, found 0 plugins.
Preloading 0 native plugins for Editor in 0.00 ms.
Unloading 1112 Unused Serialized files (Serialized files now loaded: 0)
System memory in use before: 61.2 MB.
System memory in use after: 61.3 MB.

Unloading 5 unused Assets to reduce memory usage. Loaded Objects now: 1627.
Total: 2.210400 ms (FindLiveObjects: 0.195100 ms CreateObjectMapping: 0.103200 ms MarkObjects: 1.852900 ms  DeleteObjects: 0.058100 ms)

========================================================================
Received Prepare
Registering precompiled user dll's ...
Registered in 0.001239 seconds.
Begin MonoManager ReloadAssembly
Native extension for WindowsStandalone target not found
Refreshing native plugins compatible for Editor in 0.31 ms, found 0 plugins.
Preloading 0 native plugins for Editor in 0.00 ms.
Mono: successfully reloaded assembly
- Completed reload, in  1.848 seconds
Platform modules already initialized, skipping
Refreshing native plugins compatible for Editor in 0.34 ms, found 0 plugins.
Preloading 0 native plugins for Editor in 0.00 ms.
Unloading 1112 Unused Serialized files (Serialized files now loaded: 0)
System memory in use before: 61.2 MB.
System memory in use after: 61.3 MB.

Unloading 5 unused Assets to reduce memory usage. Loaded Objects now: 1630.
Total: 5.159300 ms (FindLiveObjects: 1.592100 ms CreateObjectMapping: 0.193700 ms MarkObjects: 3.259500 ms  DeleteObjects: 0.111400 ms)

========================================================================
Received Prepare
Registering precompiled user dll's ...
Registered in 0.001377 seconds.
Begin MonoManager ReloadAssembly
Native extension for WindowsStandalone target not found
Refreshing native plugins compatible for Editor in 0.27 ms, found 0 plugins.
Preloading 0 native plugins for Editor in 0.00 ms.
Mono: successfully reloaded assembly
- Completed reload, in  1.224 seconds
Platform modules already initialized, skipping
Refreshing native plugins compatible for Editor in 0.27 ms, found 0 plugins.
Preloading 0 native plugins for Editor in 0.00 ms.
Unloading 1112 Unused Serialized files (Serialized files now loaded: 0)
System memory in use before: 61.2 MB.
System memory in use after: 61.3 MB.

Unloading 5 unused Assets to reduce memory usage. Loaded Objects now: 1633.
Total: 2.446800 ms (FindLiveObjects: 0.279600 ms CreateObjectMapping: 0.114900 ms MarkObjects: 1.983800 ms  DeleteObjects: 0.066000 ms)

========================================================================
Received Prepare
Registering precompiled user dll's ...
Registered in 0.000920 seconds.
Begin MonoManager ReloadAssembly
Native extension for WindowsStandalone target not found
Refreshing native plugins compatible for Editor in 0.28 ms, found 0 plugins.
Preloading 0 native plugins for Editor in 0.00 ms.
Mono: successfully reloaded assembly
- Completed reload, in  1.293 seconds
Platform modules already initialized, skipping
Refreshing native plugins compatible for Editor in 0.26 ms, found 0 plugins.
Preloading 0 native plugins for Editor in 0.00 ms.
Unloading 1112 Unused Serialized files (Serialized files now loaded: 0)
System memory in use before: 61.2 MB.
System memory in use after: 61.3 MB.

Unloading 5 unused Assets to reduce memory usage. Loaded Objects now: 1636.
Total: 2.366700 ms (FindLiveObjects: 0.198200 ms CreateObjectMapping: 0.097000 ms MarkObjects: 2.011200 ms  DeleteObjects: 0.059000 ms)

========================================================================
Received Import Request.
  Time since last request: 329.941590 seconds.
  path: Assets/Scenes/SampleScene
  artifactKey: Guid(73909ed9a5ca4c24aa8bec668272b03b) Importer(815301076,1909f56bfc062723c751e8b465ee728b)
Start importing Assets/Scenes/SampleScene using Guid(73909ed9a5ca4c24aa8bec668272b03b) Importer(815301076,1909f56bfc062723c751e8b465ee728b)  -> (artifact id: '2723fa40d033228c4135b97fb7c82f21') in 0.015839 seconds
  Import took 0.019846 seconds .

========================================================================
Received Import Request.
  Time since last request: 0.058986 seconds.
  path: Assets/Scenes/SampleScene/LightingData.asset
  artifactKey: Guid(120a3b1815cd08a428d5cbbf380ef87f) Importer(815301076,1909f56bfc062723c751e8b465ee728b)
Start importing Assets/Scenes/SampleScene/LightingData.asset using Guid(120a3b1815cd08a428d5cbbf380ef87f) Importer(815301076,1909f56bfc062723c751e8b465ee728b)  -> (artifact id: 'a0f510f80d51fc2324c982c2b7fcd428') in 0.023127 seconds
  Import took 0.026194 seconds .

========================================================================
Received Import Request.
  Time since last request: 0.000281 seconds.
  path: Assets/Scenes/SampleScene/ReflectionProbe-0.exr
  artifactKey: Guid(af37b0cb71ed8e548a4f45f791ffa65e) Importer(815301076,1909f56bfc062723c751e8b465ee728b)
Start importing Assets/Scenes/SampleScene/ReflectionProbe-0.exr using Guid(af37b0cb71ed8e548a4f45f791ffa65e) Importer(815301076,1909f56bfc062723c751e8b465ee728b)  -> (artifact id: '4896154c090c798b1be7c46ac90bdb8e') in 0.110602 seconds
  Import took 0.114331 seconds .

========================================================================
Received Import Request.
  Time since last request: 463.068945 seconds.
  path: Assets/Script/UI
  artifactKey: Guid(484763da35b633641aa2e93c14afcee2) Importer(815301076,1909f56bfc062723c751e8b465ee728b)
Start importing Assets/Script/UI using Guid(484763da35b633641aa2e93c14afcee2) Importer(815301076,1909f56bfc062723c751e8b465ee728b)  -> (artifact id: 'ce44b07f91a8d6b85eb6647ca4f3e02c') in 0.019434 seconds
  Import took 0.024222 seconds .

========================================================================
Received Import Request.
  Time since last request: 12.389699 seconds.
  path: Assets/Script/UI/UiController.cs
  artifactKey: Guid(8d1c7d0d18ef571438b4062553760099) Importer(815301076,1909f56bfc062723c751e8b465ee728b)
Start importing Assets/Script/UI/UiController.cs using Guid(8d1c7d0d18ef571438b4062553760099) Importer(815301076,1909f56bfc062723c751e8b465ee728b)  -> (artifact id: '1592cb8bef2c21dff3d0d1a1c99439f1') in 0.012548 seconds
  Import took 0.016016 seconds .

========================================================================
Received Prepare
Registering precompiled user dll's ...
Registered in 0.001749 seconds.
Begin MonoManager ReloadAssembly
Native extension for WindowsStandalone target not found
Refreshing native plugins compatible for Editor in 0.33 ms, found 0 plugins.
Preloading 0 native plugins for Editor in 0.00 ms.
Mono: successfully reloaded assembly
- Completed reload, in  1.915 seconds
Platform modules already initialized, skipping
Refreshing native plugins compatible for Editor in 0.34 ms, found 0 plugins.
Preloading 0 native plugins for Editor in 0.00 ms.
Unloading 1126 Unused Serialized files (Serialized files now loaded: 0)
System memory in use before: 63.3 MB.
System memory in use after: 62.7 MB.

Unloading 18 unused Assets to reduce memory usage. Loaded Objects now: 1643.
Total: 5.072000 ms (FindLiveObjects: 1.529600 ms CreateObjectMapping: 0.257500 ms MarkObjects: 2.590400 ms  DeleteObjects: 0.692500 ms)

========================================================================
Received Prepare
Registering precompiled user dll's ...
Registered in 0.021978 seconds.
Begin MonoManager ReloadAssembly
Native extension for WindowsStandalone target not found
Refreshing native plugins compatible for Editor in 0.46 ms, found 0 plugins.
Preloading 0 native plugins for Editor in 0.00 ms.
Mono: successfully reloaded assembly
- Completed reload, in  5.668 seconds
Platform modules already initialized, skipping
Refreshing native plugins compatible for Editor in 0.33 ms, found 0 plugins.
Preloading 0 native plugins for Editor in 0.00 ms.
Unloading 1126 Unused Serialized files (Serialized files now loaded: 0)
System memory in use before: 63.3 MB.
System memory in use after: 62.7 MB.

Unloading 18 unused Assets to reduce memory usage. Loaded Objects now: 1646.
Total: 3.299400 ms (FindLiveObjects: 0.352600 ms CreateObjectMapping: 0.129100 ms MarkObjects: 2.283300 ms  DeleteObjects: 0.531600 ms)

========================================================================
Received Prepare
Registering precompiled user dll's ...
Registered in 0.001180 seconds.
Begin MonoManager ReloadAssembly
Native extension for WindowsStandalone target not found
Refreshing native plugins compatible for Editor in 0.28 ms, found 0 plugins.
Preloading 0 native plugins for Editor in 0.00 ms.
Mono: successfully reloaded assembly
- Completed reload, in  1.191 seconds
Platform modules already initialized, skipping
Refreshing native plugins compatible for Editor in 0.29 ms, found 0 plugins.
Preloading 0 native plugins for Editor in 0.00 ms.
Unloading 1126 Unused Serialized files (Serialized files now loaded: 0)
System memory in use before: 63.3 MB.
System memory in use after: 62.7 MB.

Unloading 18 unused Assets to reduce memory usage. Loaded Objects now: 1649.
Total: 3.026000 ms (FindLiveObjects: 0.228400 ms CreateObjectMapping: 0.108800 ms MarkObjects: 2.021400 ms  DeleteObjects: 0.665700 ms)

========================================================================
Received Prepare
Registering precompiled user dll's ...
Registered in 0.000982 seconds.
Begin MonoManager ReloadAssembly
Native extension for WindowsStandalone target not found
Refreshing native plugins compatible for Editor in 0.28 ms, found 0 plugins.
Preloading 0 native plugins for Editor in 0.00 ms.
Mono: successfully reloaded assembly
- Completed reload, in  1.136 seconds
Platform modules already initialized, skipping
Refreshing native plugins compatible for Editor in 0.49 ms, found 0 plugins.
Preloading 0 native plugins for Editor in 0.00 ms.
Unloading 1126 Unused Serialized files (Serialized files now loaded: 0)
System memory in use before: 63.3 MB.
System memory in use after: 62.7 MB.

Unloading 18 unused Assets to reduce memory usage. Loaded Objects now: 1652.
Total: 5.230200 ms (FindLiveObjects: 0.565800 ms CreateObjectMapping: 0.224000 ms MarkObjects: 3.602100 ms  DeleteObjects: 0.835500 ms)

========================================================================
Received Prepare
Registering precompiled user dll's ...
Registered in 0.001037 seconds.
Begin MonoManager ReloadAssembly
Native extension for WindowsStandalone target not found
Refreshing native plugins compatible for Editor in 0.35 ms, found 0 plugins.
Preloading 0 native plugins for Editor in 0.00 ms.
Mono: successfully reloaded assembly
- Completed reload, in  1.158 seconds
Platform modules already initialized, skipping
Refreshing native plugins compatible for Editor in 0.27 ms, found 0 plugins.
Preloading 0 native plugins for Editor in 0.00 ms.
Unloading 1126 Unused Serialized files (Serialized files now loaded: 0)
System memory in use before: 63.3 MB.
System memory in use after: 62.7 MB.

Unloading 18 unused Assets to reduce memory usage. Loaded Objects now: 1655.
Total: 2.804700 ms (FindLiveObjects: 0.277000 ms CreateObjectMapping: 0.084800 ms MarkObjects: 1.774600 ms  DeleteObjects: 0.666000 ms)

========================================================================
Received Prepare
Registering precompiled user dll's ...
Registered in 0.000952 seconds.
Begin MonoManager ReloadAssembly
Native extension for WindowsStandalone target not found
Refreshing native plugins compatible for Editor in 0.27 ms, found 0 plugins.
Preloading 0 native plugins for Editor in 0.00 ms.
Mono: successfully reloaded assembly
- Completed reload, in  1.161 seconds
Platform modules already initialized, skipping
Refreshing native plugins compatible for Editor in 0.28 ms, found 0 plugins.
Preloading 0 native plugins for Editor in 0.00 ms.
Unloading 1126 Unused Serialized files (Serialized files now loaded: 0)
System memory in use before: 63.3 MB.
System memory in use after: 62.8 MB.

Unloading 18 unused Assets to reduce memory usage. Loaded Objects now: 1658.
Total: 2.874100 ms (FindLiveObjects: 0.303800 ms CreateObjectMapping: 0.100100 ms MarkObjects: 2.017300 ms  DeleteObjects: 0.450600 ms)

========================================================================
Received Prepare
Registering precompiled user dll's ...
Registered in 0.000938 seconds.
Begin MonoManager ReloadAssembly
Native extension for WindowsStandalone target not found
Refreshing native plugins compatible for Editor in 0.27 ms, found 0 plugins.
Preloading 0 native plugins for Editor in 0.00 ms.
Mono: successfully reloaded assembly
- Completed reload, in  1.225 seconds
Platform modules already initialized, skipping
Refreshing native plugins compatible for Editor in 0.28 ms, found 0 plugins.
Preloading 0 native plugins for Editor in 0.00 ms.
Unloading 1126 Unused Serialized files (Serialized files now loaded: 0)
System memory in use before: 63.3 MB.
System memory in use after: 62.8 MB.

Unloading 18 unused Assets to reduce memory usage. Loaded Objects now: 1661.
Total: 2.846000 ms (FindLiveObjects: 0.264700 ms CreateObjectMapping: 0.117800 ms MarkObjects: 1.894200 ms  DeleteObjects: 0.567400 ms)

========================================================================
Received Prepare
Registering precompiled user dll's ...
Registered in 0.001331 seconds.
Begin MonoManager ReloadAssembly
Native extension for WindowsStandalone target not found
Refreshing native plugins compatible for Editor in 0.42 ms, found 0 plugins.
Preloading 0 native plugins for Editor in 0.00 ms.
Mono: successfully reloaded assembly
- Completed reload, in  1.239 seconds
Platform modules already initialized, skipping
Refreshing native plugins compatible for Editor in 0.27 ms, found 0 plugins.
Preloading 0 native plugins for Editor in 0.00 ms.
Unloading 1126 Unused Serialized files (Serialized files now loaded: 0)
System memory in use before: 63.3 MB.
System memory in use after: 62.8 MB.

Unloading 18 unused Assets to reduce memory usage. Loaded Objects now: 1664.
Total: 3.632600 ms (FindLiveObjects: 0.283300 ms CreateObjectMapping: 0.073700 ms MarkObjects: 2.592700 ms  DeleteObjects: 0.680400 ms)

========================================================================
Received Prepare
Registering precompiled user dll's ...
Registered in 0.001335 seconds.
Begin MonoManager ReloadAssembly
Native extension for WindowsStandalone target not found
Refreshing native plugins compatible for Editor in 0.35 ms, found 0 plugins.
Preloading 0 native plugins for Editor in 0.00 ms.
Mono: successfully reloaded assembly
- Completed reload, in  1.680 seconds
Platform modules already initialized, skipping
Refreshing native plugins compatible for Editor in 0.32 ms, found 0 plugins.
Preloading 0 native plugins for Editor in 0.00 ms.
Unloading 1126 Unused Serialized files (Serialized files now loaded: 0)
System memory in use before: 63.4 MB.
System memory in use after: 62.8 MB.

Unloading 18 unused Assets to reduce memory usage. Loaded Objects now: 1667.
Total: 3.106100 ms (FindLiveObjects: 0.242500 ms CreateObjectMapping: 0.094400 ms MarkObjects: 2.238600 ms  DeleteObjects: 0.527800 ms)

========================================================================
Received Prepare
Registering precompiled user dll's ...
Registered in 0.001982 seconds.
Begin MonoManager ReloadAssembly
Native extension for WindowsStandalone target not found
Refreshing native plugins compatible for Editor in 0.33 ms, found 0 plugins.
Preloading 0 native plugins for Editor in 0.00 ms.
Mono: successfully reloaded assembly
- Completed reload, in  1.623 seconds
Platform modules already initialized, skipping
Refreshing native plugins compatible for Editor in 0.33 ms, found 0 plugins.
Preloading 0 native plugins for Editor in 0.00 ms.
Unloading 1126 Unused Serialized files (Serialized files now loaded: 0)
System memory in use before: 63.4 MB.
System memory in use after: 62.8 MB.

Unloading 18 unused Assets to reduce memory usage. Loaded Objects now: 1670.
Total: 3.593400 ms (FindLiveObjects: 0.467000 ms CreateObjectMapping: 0.179300 ms MarkObjects: 2.388300 ms  DeleteObjects: 0.556300 ms)

========================================================================
Received Import Request.
  Time since last request: 939.679329 seconds.
  path: Assets/Script/GameManager
  artifactKey: Guid(42a51d0245eff594eaa1b576ad8f6be1) Importer(815301076,1909f56bfc062723c751e8b465ee728b)
Start importing Assets/Script/GameManager using Guid(42a51d0245eff594eaa1b576ad8f6be1) Importer(815301076,1909f56bfc062723c751e8b465ee728b)  -> (artifact id: '7d4950c7fd187a0914c384c2c1f569ba') in 0.015968 seconds
  Import took 0.018988 seconds .

========================================================================
Received Import Request.
  Time since last request: 0.003859 seconds.
  path: Assets/Script/GameManager
  artifactKey: Guid(42a51d0245eff594eaa1b576ad8f6be1) Importer(815301076,1909f56bfc062723c751e8b465ee728b)
Start importing Assets/Script/GameManager using Guid(42a51d0245eff594eaa1b576ad8f6be1) Importer(815301076,1909f56bfc062723c751e8b465ee728b)  -> (artifact id: '7d4950c7fd187a0914c384c2c1f569ba') in 0.004364 seconds
  Import took 0.007193 seconds .

========================================================================
Received Import Request.
  Time since last request: 12.666762 seconds.
  path: Assets/Script/GameManager/GameCollider.cs
  artifactKey: Guid(11a7fb159659e0342a4d2952320d16f1) Importer(815301076,1909f56bfc062723c751e8b465ee728b)
Start importing Assets/Script/GameManager/GameCollider.cs using Guid(11a7fb159659e0342a4d2952320d16f1) Importer(815301076,1909f56bfc062723c751e8b465ee728b)  -> (artifact id: 'fc5a869358fe62597f46bd4791f58ca2') in 0.011795 seconds
  Import took 0.015361 seconds .

========================================================================
Received Prepare
Registering precompiled user dll's ...
Registered in 0.000937 seconds.
Begin MonoManager ReloadAssembly
Native extension for WindowsStandalone target not found
Refreshing native plugins compatible for Editor in 0.28 ms, found 0 plugins.
Preloading 0 native plugins for Editor in 0.00 ms.
Mono: successfully reloaded assembly
- Completed reload, in  1.426 seconds
Platform modules already initialized, skipping
Refreshing native plugins compatible for Editor in 0.28 ms, found 0 plugins.
Preloading 0 native plugins for Editor in 0.00 ms.
Unloading 1127 Unused Serialized files (Serialized files now loaded: 0)
System memory in use before: 63.4 MB.
System memory in use after: 62.9 MB.

Unloading 18 unused Assets to reduce memory usage. Loaded Objects now: 1674.
Total: 2.747600 ms (FindLiveObjects: 0.283100 ms CreateObjectMapping: 0.119600 ms MarkObjects: 1.895300 ms  DeleteObjects: 0.447100 ms)

========================================================================
Received Prepare
Registering precompiled user dll's ...
Registered in 0.000924 seconds.
Begin MonoManager ReloadAssembly
Native extension for WindowsStandalone target not found
Refreshing native plugins compatible for Editor in 0.28 ms, found 0 plugins.
Preloading 0 native plugins for Editor in 0.00 ms.
Mono: successfully reloaded assembly
- Completed reload, in  1.264 seconds
Platform modules already initialized, skipping
Refreshing native plugins compatible for Editor in 0.28 ms, found 0 plugins.
Preloading 0 native plugins for Editor in 0.00 ms.
Unloading 1127 Unused Serialized files (Serialized files now loaded: 0)
System memory in use before: 63.4 MB.
System memory in use after: 62.9 MB.

Unloading 18 unused Assets to reduce memory usage. Loaded Objects now: 1677.
Total: 2.617000 ms (FindLiveObjects: 0.296300 ms CreateObjectMapping: 0.056300 ms MarkObjects: 1.781000 ms  DeleteObjects: 0.480800 ms)

========================================================================
Received Prepare
Registering precompiled user dll's ...
Registered in 0.000956 seconds.
Begin MonoManager ReloadAssembly
Native extension for WindowsStandalone target not found
Refreshing native plugins compatible for Editor in 0.29 ms, found 0 plugins.
Preloading 0 native plugins for Editor in 0.00 ms.
Mono: successfully reloaded assembly
- Completed reload, in  1.486 seconds
Platform modules already initialized, skipping
Refreshing native plugins compatible for Editor in 0.28 ms, found 0 plugins.
Preloading 0 native plugins for Editor in 0.00 ms.
Unloading 1127 Unused Serialized files (Serialized files now loaded: 0)
System memory in use before: 63.4 MB.
System memory in use after: 62.9 MB.

Unloading 18 unused Assets to reduce memory usage. Loaded Objects now: 1680.
Total: 2.909100 ms (FindLiveObjects: 0.291800 ms CreateObjectMapping: 0.273200 ms MarkObjects: 1.904800 ms  DeleteObjects: 0.437800 ms)

========================================================================
Received Prepare
Registering precompiled user dll's ...
Registered in 0.003514 seconds.
Begin MonoManager ReloadAssembly
Native extension for WindowsStandalone target not found
Refreshing native plugins compatible for Editor in 0.33 ms, found 0 plugins.
Preloading 0 native plugins for Editor in 0.00 ms.
Mono: successfully reloaded assembly
- Completed reload, in  1.675 seconds
Platform modules already initialized, skipping
Refreshing native plugins compatible for Editor in 0.33 ms, found 0 plugins.
Preloading 0 native plugins for Editor in 0.00 ms.
Unloading 1127 Unused Serialized files (Serialized files now loaded: 0)
System memory in use before: 63.4 MB.
System memory in use after: 62.9 MB.

Unloading 18 unused Assets to reduce memory usage. Loaded Objects now: 1683.
Total: 3.689000 ms (FindLiveObjects: 0.487500 ms CreateObjectMapping: 0.167000 ms MarkObjects: 2.454700 ms  DeleteObjects: 0.577900 ms)

========================================================================
Received Prepare
Refreshing native plugins compatible for Editor in 1.55 ms, found 0 plugins.
Preloading 0 native plugins for Editor in 0.00 ms.
Unloading 16 Unused Serialized files (Serialized files now loaded: 0)
System memory in use before: 41.0 MB.
System memory in use after: 40.5 MB.

Unloading 16 unused Assets to reduce memory usage. Loaded Objects now: 1683.
Total: 7.349500 ms (FindLiveObjects: 0.555300 ms CreateObjectMapping: 0.164700 ms MarkObjects: 5.919500 ms  DeleteObjects: 0.705600 ms)

