Using pre-set license
Built from '2020.3/staging' branch; Version is '2020.3.5f1 (8095aa901b9b) revision 8426922'; Using compiler version '192528614'; Build Type 'Release'
OS: 'Windows 10 Home; OS build 19041.985; Version 2004; 64bit' Language: 'tr' Physical Memory: 6039 MB
BatchMode: 1, IsHumanControllingUs: 0, StartBugReporterOnCrash: 0, Is64bit: 1, IsPro: 0

 COMMAND LINE ARGUMENTS:
C:\Program Files\Unity\Hub\Editor\2020.3.5f1\Editor\Unity.exe
-adb2
-batchMode
-noUpm
-name
AssetImportWorker0
-projectPath
C:/Users/Hazar/Documents/UnityProjects/gitHub/EscapeFromPrison-Github/EscapeFromPrison
-logFile
Logs/AssetImportWorker0.log
-srvPort
64879
Successfully changed project path to: C:/Users/Hazar/Documents/UnityProjects/gitHub/EscapeFromPrison-Github/EscapeFromPrison
C:/Users/Hazar/Documents/UnityProjects/gitHub/EscapeFromPrison-Github/EscapeFromPrison
Using Asset Import Pipeline V2.
Refreshing native plugins compatible for Editor in 69.86 ms, found 0 plugins.
Preloading 0 native plugins for Editor in 0.00 ms.
Initialize engine version: 2020.3.5f1 (8095aa901b9b)
[Subsystems] Discovering subsystems at path C:/Program Files/Unity/Hub/Editor/2020.3.5f1/Editor/Data/Resources/UnitySubsystems
[Subsystems] Discovering subsystems at path C:/Users/Hazar/Documents/UnityProjects/gitHub/EscapeFromPrison-Github/EscapeFromPrison/Assets
GfxDevice: creating device client; threaded=0
Direct3D:
    Version:  Direct3D 11.0 [level 11.0]
    Renderer: NVIDIA GeForce GT 630M (ID=0xde9)
    Vendor:   
    VRAM:     1999 MB
    Driver:   21.21.13.7654
Initialize mono
Mono path[0] = 'C:/Program Files/Unity/Hub/Editor/2020.3.5f1/Editor/Data/Managed'
Mono path[1] = 'C:/Program Files/Unity/Hub/Editor/2020.3.5f1/Editor/Data/MonoBleedingEdge/lib/mono/unityjit'
Mono config path = 'C:/Program Files/Unity/Hub/Editor/2020.3.5f1/Editor/Data/MonoBleedingEdge/etc'
Using monoOptions --debugger-agent=transport=dt_socket,embedding=1,server=y,suspend=n,address=127.0.0.1:56324
Begin MonoManager ReloadAssembly
Registering precompiled unity dll's ...
Register platform support module: C:/Program Files/Unity/Hub/Editor/2020.3.5f1/Editor/Data/PlaybackEngines/WindowsStandaloneSupport/UnityEditor.WindowsStandalone.Extensions.dll
Register platform support module: C:/Program Files/Unity/Hub/Editor/2020.3.5f1/Editor/Data/PlaybackEngines/LinuxStandaloneSupport/UnityEditor.LinuxStandalone.Extensions.dll
Registered in 0.005456 seconds.
Native extension for LinuxStandalone target not found
Native extension for WindowsStandalone target not found
Refreshing native plugins compatible for Editor in 70.38 ms, found 0 plugins.
Preloading 0 native plugins for Editor in 0.00 ms.
Mono: successfully reloaded assembly
- Completed reload, in  4.383 seconds
Platform modules already initialized, skipping
Registering precompiled user dll's ...
Registered in 0.001731 seconds.
Begin MonoManager ReloadAssembly
Native extension for LinuxStandalone target not found
Native extension for WindowsStandalone target not found
Refreshing native plugins compatible for Editor in 1.12 ms, found 0 plugins.
Preloading 0 native plugins for Editor in 0.00 ms.
Mono: successfully reloaded assembly
- Completed reload, in  2.715 seconds
Platform modules already initialized, skipping
========================================================================
Worker process is ready to serve import requests
Launched and connected shader compiler UnityShaderCompiler.exe after 0.08 seconds
Refreshing native plugins compatible for Editor in 1.36 ms, found 0 plugins.
Preloading 0 native plugins for Editor in 0.00 ms.
Unloading 1505 Unused Serialized files (Serialized files now loaded: 0)
System memory in use before: 76.6 MB.
System memory in use after: 76.6 MB.

Unloading 68 unused Assets to reduce memory usage. Loaded Objects now: 1945.
Total: 5.884300 ms (FindLiveObjects: 0.551200 ms CreateObjectMapping: 0.271100 ms MarkObjects: 4.545400 ms  DeleteObjects: 0.512200 ms)

========================================================================
Received Import Request.
  path: Assets/Models/Machines/HammerMachine/Hammer.fbx
  artifactKey: Guid(650d9da8cfd745b4db2b4d8f500b630d) Importer(815301076,1909f56bfc062723c751e8b465ee728b)
Start importing Assets/Models/Machines/HammerMachine/Hammer.fbx using Guid(650d9da8cfd745b4db2b4d8f500b630d) Importer(815301076,1909f56bfc062723c751e8b465ee728b)  -> (artifact id: '95b08fe75536eff46ff66947411b09fe') in 0.391523 seconds
  Import took 0.396906 seconds .

========================================================================
Received Import Request.
  Time since last request: 32.447606 seconds.
  path: Assets/Textures/Platform/MetalPlate/MetalPlate_MAT.mat
  artifactKey: Guid(16ba496a27be5724d90b8152bb291844) Importer(815301076,1909f56bfc062723c751e8b465ee728b)
Start importing Assets/Textures/Platform/MetalPlate/MetalPlate_MAT.mat using Guid(16ba496a27be5724d90b8152bb291844) Importer(815301076,1909f56bfc062723c751e8b465ee728b)  -> (artifact id: '514ca1a92611b9be23a97c554b27c2e0') in 0.072928 seconds
  Import took 0.078856 seconds .

========================================================================
Received Import Request.
  Time since last request: 0.000385 seconds.
  path: Assets/Textures/Platform/MetalPlate/MetalPlates004_2K_Normal.jpg
  artifactKey: Guid(1552bb1bd8cbcb245acb0ac21604f09e) Importer(815301076,1909f56bfc062723c751e8b465ee728b)
Start importing Assets/Textures/Platform/MetalPlate/MetalPlates004_2K_Normal.jpg using Guid(1552bb1bd8cbcb245acb0ac21604f09e) Importer(815301076,1909f56bfc062723c751e8b465ee728b)  -> (artifact id: '73e6adf33841e677134acbd0f647fef6') in 0.067446 seconds
  Import took 0.074060 seconds .

========================================================================
Received Import Request.
  Time since last request: 0.000515 seconds.
  path: Assets/Textures/Platform/MetalPlate/MetalPlate_MAT.mat
  artifactKey: Guid(16ba496a27be5724d90b8152bb291844) Importer(815301076,1909f56bfc062723c751e8b465ee728b)
Start importing Assets/Textures/Platform/MetalPlate/MetalPlate_MAT.mat using Guid(16ba496a27be5724d90b8152bb291844) Importer(815301076,1909f56bfc062723c751e8b465ee728b)  -> (artifact id: '514ca1a92611b9be23a97c554b27c2e0') in 0.025801 seconds
  Import took 0.032381 seconds .

========================================================================
Received Import Request.
  Time since last request: 0.000368 seconds.
  path: Assets/Textures/Platform/MetalPlate/MetalPlates004_2K_Normal.jpg
  artifactKey: Guid(1552bb1bd8cbcb245acb0ac21604f09e) Importer(815301076,1909f56bfc062723c751e8b465ee728b)
Start importing Assets/Textures/Platform/MetalPlate/MetalPlates004_2K_Normal.jpg using Guid(1552bb1bd8cbcb245acb0ac21604f09e) Importer(815301076,1909f56bfc062723c751e8b465ee728b)  -> (artifact id: '73e6adf33841e677134acbd0f647fef6') in 0.014824 seconds
  Import took 0.019915 seconds .

========================================================================
Received Prepare
Registering precompiled user dll's ...
Registered in 0.001202 seconds.
Begin MonoManager ReloadAssembly
Native extension for LinuxStandalone target not found
Native extension for WindowsStandalone target not found
Refreshing native plugins compatible for Editor in 0.38 ms, found 0 plugins.
Preloading 0 native plugins for Editor in 0.00 ms.
Warning: Annotation not found!
UnityEngine.StackTraceUtility:ExtractStackTrace ()
UnityEditor.ProBuilder.EditorUtility:SetGizmoIconEnabled (System.Type,bool) (at Library/PackageCache/com.unity.probuilder@4.5.0/Editor/EditorCore/EditorUtility.cs:593)
UnityEditor.ProBuilder.HierarchyListener:.cctor () (at Library/PackageCache/com.unity.probuilder@4.5.0/Editor/EditorCore/HierarchyListener.cs:21)
System.Runtime.CompilerServices.RuntimeHelpers:RunClassConstructor (System.RuntimeTypeHandle)
UnityEditor.EditorAssemblies:ProcessInitializeOnLoadAttributes (System.Type[])

[Library/PackageCache/com.unity.probuilder@4.5.0/Editor/EditorCore/EditorUtility.cs line 593]

Mono: successfully reloaded assembly
- Completed reload, in  1.519 seconds
Platform modules already initialized, skipping
Refreshing native plugins compatible for Editor in 0.45 ms, found 0 plugins.
Preloading 0 native plugins for Editor in 0.00 ms.
Unloading 1459 Unused Serialized files (Serialized files now loaded: 0)
System memory in use before: 76.1 MB.
System memory in use after: 76.1 MB.

Unloading 6 unused Assets to reduce memory usage. Loaded Objects now: 1993.
Total: 3.845500 ms (FindLiveObjects: 0.334500 ms CreateObjectMapping: 0.191900 ms MarkObjects: 3.185500 ms  DeleteObjects: 0.130500 ms)

AssetImportWorkerClient::OnTransportError - code=2 error=End of file
